<?xml version="1.0" encoding="UTF-8"?>
<testng-results skipped="0" failed="0" total="1" passed="1">
  <reporter-output>
  </reporter-output>
  <suite name="Default suite" duration-ms="3990" started-at="2020-06-28T22:14:58Z" finished-at="2020-06-28T22:15:02Z">
    <groups>
    </groups>
    <test name="Default test" duration-ms="3990" started-at="2020-06-28T22:14:58Z" finished-at="2020-06-28T22:15:02Z">
      <class name="com.qa.rest.tests.GetAPIBDDFramework">
        <test-method status="PASS" signature="test_Employeenumber()[pri:0, instance:com.qa.rest.tests.GetAPIBDDFramework@34340fab]" name="test_Employeenumber" duration-ms="3961" started-at="2020-06-29T01:14:58Z" finished-at="2020-06-29T01:15:02Z">
          <reporter-output>
          </reporter-output>
        </test-method> <!-- test_Employeenumber -->
      </class> <!-- com.qa.rest.tests.GetAPIBDDFramework -->
    </test> <!-- Default test -->
  </suite> <!-- Default suite -->
</testng-results>
